{"C:\\Users\\duria\\projects\\dmsosa\\portfolio-backend\\src\\config\\secrets.ts": {"path":"C:\\Users\\duria\\projects\\dmsosa\\portfolio-backend\\src\\config\\secrets.ts","statementMap":{"0":{"start":{"line":5,"column":0},"end":{"line":5,"column":32}},"1":{"start":{"line":7,"column":27},"end":{"line":7,"column":70}},"2":{"start":{"line":8,"column":29},"end":{"line":8,"column":57}},"3":{"start":{"line":9,"column":20},"end":{"line":9,"column":57}},"4":{"start":{"line":10,"column":26},"end":{"line":10,"column":72}},"5":{"start":{"line":11,"column":30},"end":{"line":11,"column":73}},"6":{"start":{"line":12,"column":23},"end":{"line":12,"column":77}},"7":{"start":{"line":13,"column":18},"end":{"line":19,"column":1}},"8":{"start":{"line":20,"column":21},"end":{"line":24,"column":1}}},"fnMap":{},"branchMap":{"0":{"loc":{"start":{"line":18,"column":20},"end":{"line":18,"column":78}},"type":"cond-expr","locations":[{"start":{"line":18,"column":42},"end":{"line":18,"column":71}},{"start":{"line":18,"column":74},"end":{"line":18,"column":78}}],"line":18}},"s":{"0":1,"1":1,"2":1,"3":1,"4":1,"5":1,"6":1,"7":1,"8":1},"f":{},"b":{"0":[0,1]},"_coverageSchema":"1a1c01bbd47fc00a2c39e90264f33305004495a9","hash":"b0f9c2f5c6ca0c10faed448dd364b4478198efc1"}
,"C:\\Users\\duria\\projects\\dmsosa\\portfolio-backend\\src\\database\\models\\benutzer.model.ts": {"path":"C:\\Users\\duria\\projects\\dmsosa\\portfolio-backend\\src\\database\\models\\benutzer.model.ts","statementMap":{"0":{"start":{"line":8,"column":2},"end":{"line":8,"column":15}},"1":{"start":{"line":12,"column":30},"end":{"line":81,"column":48}},"2":{"start":{"line":21,"column":30},"end":{"line":21,"column":86}},"3":{"start":{"line":22,"column":16},"end":{"line":22,"column":33}},"4":{"start":{"line":24,"column":30},"end":{"line":24,"column":64}},"5":{"start":{"line":35,"column":30},"end":{"line":35,"column":83}},"6":{"start":{"line":36,"column":16},"end":{"line":36,"column":33}},"7":{"start":{"line":38,"column":30},"end":{"line":38,"column":64}},"8":{"start":{"line":83,"column":0},"end":{"line":86,"column":2}},"9":{"start":{"line":84,"column":17},"end":{"line":84,"column":94}},"10":{"start":{"line":85,"column":4},"end":{"line":85,"column":30}},"11":{"start":{"line":87,"column":0},"end":{"line":90,"column":2}},"12":{"start":{"line":88,"column":4},"end":{"line":88,"column":55}},"13":{"start":{"line":89,"column":4},"end":{"line":89,"column":93}},"14":{"start":{"line":93,"column":0},"end":{"line":104,"column":2}},"15":{"start":{"line":95,"column":18},"end":{"line":95,"column":28}},"16":{"start":{"line":96,"column":22},"end":{"line":96,"column":37}},"17":{"start":{"line":97,"column":4},"end":{"line":97,"column":44}},"18":{"start":{"line":99,"column":4},"end":{"line":103,"column":43}},"19":{"start":{"line":106,"column":0},"end":{"line":114,"column":2}},"20":{"start":{"line":107,"column":4},"end":{"line":113,"column":6}},"21":{"start":{"line":116,"column":0},"end":{"line":125,"column":2}},"22":{"start":{"line":117,"column":4},"end":{"line":124,"column":5}},"23":{"start":{"line":126,"column":0},"end":{"line":128,"column":2}},"24":{"start":{"line":127,"column":4},"end":{"line":127,"column":92}},"25":{"start":{"line":127,"column":48},"end":{"line":127,"column":91}},"26":{"start":{"line":129,"column":0},"end":{"line":141,"column":2}},"27":{"start":{"line":130,"column":4},"end":{"line":138,"column":5}},"28":{"start":{"line":131,"column":8},"end":{"line":131,"column":37}},"29":{"start":{"line":133,"column":8},"end":{"line":137,"column":10}},"30":{"start":{"line":134,"column":12},"end":{"line":136,"column":13}},"31":{"start":{"line":135,"column":16},"end":{"line":135,"column":53}},"32":{"start":{"line":139,"column":4},"end":{"line":139,"column":53}},"33":{"start":{"line":142,"column":0},"end":{"line":153,"column":2}},"34":{"start":{"line":143,"column":4},"end":{"line":151,"column":5}},"35":{"start":{"line":144,"column":8},"end":{"line":144,"column":39}},"36":{"start":{"line":146,"column":8},"end":{"line":150,"column":10}},"37":{"start":{"line":147,"column":12},"end":{"line":149,"column":13}},"38":{"start":{"line":148,"column":16},"end":{"line":148,"column":59}},"39":{"start":{"line":152,"column":4},"end":{"line":152,"column":53}},"40":{"start":{"line":154,"column":0},"end":{"line":156,"column":2}},"41":{"start":{"line":155,"column":4},"end":{"line":155,"column":86}},"42":{"start":{"line":155,"column":43},"end":{"line":155,"column":84}},"43":{"start":{"line":157,"column":0},"end":{"line":165,"column":2}},"44":{"start":{"line":158,"column":4},"end":{"line":162,"column":5}},"45":{"start":{"line":159,"column":8},"end":{"line":159,"column":44}},"46":{"start":{"line":160,"column":8},"end":{"line":160,"column":50}},"47":{"start":{"line":161,"column":8},"end":{"line":161,"column":15}},"48":{"start":{"line":166,"column":0},"end":{"line":173,"column":2}},"49":{"start":{"line":167,"column":4},"end":{"line":169,"column":5}},"50":{"start":{"line":168,"column":8},"end":{"line":168,"column":15}},"51":{"start":{"line":170,"column":4},"end":{"line":170,"column":38}},"52":{"start":{"line":171,"column":4},"end":{"line":171,"column":46}},"53":{"start":{"line":172,"column":4},"end":{"line":172,"column":11}},"54":{"start":{"line":175,"column":32},"end":{"line":175,"column":91}}},"fnMap":{"0":{"name":"sum","decl":{"start":{"line":7,"column":16},"end":{"line":7,"column":19}},"loc":{"start":{"line":7,"column":50},"end":{"line":9,"column":1}},"line":7},"1":{"name":"(anonymous_1)","decl":{"start":{"line":20,"column":23},"end":{"line":20,"column":24}},"loc":{"start":{"line":20,"column":48},"end":{"line":23,"column":13}},"line":20},"2":{"name":"(anonymous_2)","decl":{"start":{"line":24,"column":21},"end":{"line":24,"column":22}},"loc":{"start":{"line":24,"column":30},"end":{"line":24,"column":64}},"line":24},"3":{"name":"(anonymous_3)","decl":{"start":{"line":34,"column":23},"end":{"line":34,"column":24}},"loc":{"start":{"line":34,"column":48},"end":{"line":37,"column":13}},"line":34},"4":{"name":"(anonymous_4)","decl":{"start":{"line":38,"column":21},"end":{"line":38,"column":22}},"loc":{"start":{"line":38,"column":30},"end":{"line":38,"column":64}},"line":38},"5":{"name":"(anonymous_5)","decl":{"start":{"line":83,"column":42},"end":{"line":83,"column":43}},"loc":{"start":{"line":83,"column":69},"end":{"line":86,"column":1}},"line":83},"6":{"name":"(anonymous_6)","decl":{"start":{"line":87,"column":37},"end":{"line":87,"column":38}},"loc":{"start":{"line":87,"column":69},"end":{"line":90,"column":1}},"line":87},"7":{"name":"(anonymous_7)","decl":{"start":{"line":93,"column":37},"end":{"line":93,"column":38}},"loc":{"start":{"line":93,"column":56},"end":{"line":104,"column":1}},"line":93},"8":{"name":"(anonymous_8)","decl":{"start":{"line":106,"column":36},"end":{"line":106,"column":37}},"loc":{"start":{"line":106,"column":58},"end":{"line":114,"column":1}},"line":106},"9":{"name":"(anonymous_9)","decl":{"start":{"line":116,"column":38},"end":{"line":116,"column":39}},"loc":{"start":{"line":116,"column":89},"end":{"line":125,"column":1}},"line":116},"10":{"name":"(anonymous_10)","decl":{"start":{"line":126,"column":37},"end":{"line":126,"column":38}},"loc":{"start":{"line":126,"column":79},"end":{"line":128,"column":1}},"line":126},"11":{"name":"(anonymous_11)","decl":{"start":{"line":127,"column":32},"end":{"line":127,"column":33}},"loc":{"start":{"line":127,"column":48},"end":{"line":127,"column":91}},"line":127},"12":{"name":"(anonymous_12)","decl":{"start":{"line":129,"column":32},"end":{"line":129,"column":33}},"loc":{"start":{"line":129,"column":92},"end":{"line":141,"column":1}},"line":129},"13":{"name":"(anonymous_13)","decl":{"start":{"line":133,"column":39},"end":{"line":133,"column":40}},"loc":{"start":{"line":133,"column":57},"end":{"line":137,"column":9}},"line":133},"14":{"name":"(anonymous_14)","decl":{"start":{"line":142,"column":34},"end":{"line":142,"column":35}},"loc":{"start":{"line":142,"column":100},"end":{"line":153,"column":1}},"line":142},"15":{"name":"(anonymous_15)","decl":{"start":{"line":146,"column":39},"end":{"line":146,"column":40}},"loc":{"start":{"line":146,"column":59},"end":{"line":150,"column":9}},"line":146},"16":{"name":"(anonymous_16)","decl":{"start":{"line":154,"column":36},"end":{"line":154,"column":37}},"loc":{"start":{"line":154,"column":81},"end":{"line":156,"column":1}},"line":154},"17":{"name":"(anonymous_17)","decl":{"start":{"line":155,"column":32},"end":{"line":155,"column":33}},"loc":{"start":{"line":155,"column":43},"end":{"line":155,"column":84}},"line":155},"18":{"name":"(anonymous_18)","decl":{"start":{"line":157,"column":34},"end":{"line":157,"column":35}},"loc":{"start":{"line":157,"column":91},"end":{"line":165,"column":1}},"line":157},"19":{"name":"(anonymous_19)","decl":{"start":{"line":166,"column":36},"end":{"line":166,"column":37}},"loc":{"start":{"line":166,"column":93},"end":{"line":173,"column":1}},"line":166}},"branchMap":{"0":{"loc":{"start":{"line":121,"column":21},"end":{"line":121,"column":70}},"type":"cond-expr","locations":[{"start":{"line":121,"column":32},"end":{"line":121,"column":62}},{"start":{"line":121,"column":65},"end":{"line":121,"column":70}}],"line":121},"1":{"loc":{"start":{"line":122,"column":24},"end":{"line":122,"column":65}},"type":"cond-expr","locations":[{"start":{"line":122,"column":40},"end":{"line":122,"column":61}},{"start":{"line":122,"column":64},"end":{"line":122,"column":65}}],"line":122},"2":{"loc":{"start":{"line":123,"column":24},"end":{"line":123,"column":65}},"type":"cond-expr","locations":[{"start":{"line":123,"column":40},"end":{"line":123,"column":61}},{"start":{"line":123,"column":64},"end":{"line":123,"column":65}}],"line":123},"3":{"loc":{"start":{"line":130,"column":4},"end":{"line":138,"column":5}},"type":"if","locations":[{"start":{"line":130,"column":4},"end":{"line":138,"column":5}},{"start":{},"end":{}}],"line":130},"4":{"loc":{"start":{"line":134,"column":12},"end":{"line":136,"column":13}},"type":"if","locations":[{"start":{"line":134,"column":12},"end":{"line":136,"column":13}},{"start":{},"end":{}}],"line":134},"5":{"loc":{"start":{"line":143,"column":4},"end":{"line":151,"column":5}},"type":"if","locations":[{"start":{"line":143,"column":4},"end":{"line":151,"column":5}},{"start":{},"end":{}}],"line":143},"6":{"loc":{"start":{"line":147,"column":12},"end":{"line":149,"column":13}},"type":"if","locations":[{"start":{"line":147,"column":12},"end":{"line":149,"column":13}},{"start":{},"end":{}}],"line":147},"7":{"loc":{"start":{"line":158,"column":4},"end":{"line":162,"column":5}},"type":"if","locations":[{"start":{"line":158,"column":4},"end":{"line":162,"column":5}},{"start":{},"end":{}}],"line":158},"8":{"loc":{"start":{"line":167,"column":4},"end":{"line":169,"column":5}},"type":"if","locations":[{"start":{"line":167,"column":4},"end":{"line":169,"column":5}},{"start":{},"end":{}}],"line":167}},"s":{"0":0,"1":1,"2":0,"3":0,"4":0,"5":0,"6":0,"7":0,"8":1,"9":0,"10":0,"11":1,"12":0,"13":0,"14":1,"15":0,"16":0,"17":0,"18":0,"19":1,"20":0,"21":1,"22":0,"23":1,"24":0,"25":0,"26":1,"27":0,"28":0,"29":0,"30":0,"31":0,"32":0,"33":1,"34":0,"35":0,"36":0,"37":0,"38":0,"39":0,"40":1,"41":0,"42":0,"43":1,"44":0,"45":0,"46":0,"47":0,"48":1,"49":0,"50":0,"51":0,"52":0,"53":0,"54":1},"f":{"0":0,"1":0,"2":0,"3":0,"4":0,"5":0,"6":0,"7":0,"8":0,"9":0,"10":0,"11":0,"12":0,"13":0,"14":0,"15":0,"16":0,"17":0,"18":0,"19":0},"b":{"0":[0,0],"1":[0,0],"2":[0,0],"3":[0,0],"4":[0,0],"5":[0,0],"6":[0,0],"7":[0,0],"8":[0,0]},"_coverageSchema":"1a1c01bbd47fc00a2c39e90264f33305004495a9","hash":"07613568b4798a62e3a7144773ab7a4847a9b7ea"}
}
