TN:
SF:src\config\secrets.ts
FNF:0
FNH:0
DA:5,1
DA:7,1
DA:8,1
DA:9,1
DA:10,1
DA:11,1
DA:12,1
DA:13,1
DA:20,1
LF:9
LH:9
BRDA:18,0,0,0
BRDA:18,0,1,1
BRF:2
BRH:1
end_of_record
TN:
SF:src\database\models\benutzer.model.ts
FN:7,sum
FN:20,(anonymous_1)
FN:24,(anonymous_2)
FN:34,(anonymous_3)
FN:38,(anonymous_4)
FN:83,(anonymous_5)
FN:87,(anonymous_6)
FN:93,(anonymous_7)
FN:106,(anonymous_8)
FN:116,(anonymous_9)
FN:126,(anonymous_10)
FN:127,(anonymous_11)
FN:129,(anonymous_12)
FN:133,(anonymous_13)
FN:142,(anonymous_14)
FN:146,(anonymous_15)
FN:154,(anonymous_16)
FN:155,(anonymous_17)
FN:157,(anonymous_18)
FN:166,(anonymous_19)
FNF:20
FNH:0
FNDA:0,sum
FNDA:0,(anonymous_1)
FNDA:0,(anonymous_2)
FNDA:0,(anonymous_3)
FNDA:0,(anonymous_4)
FNDA:0,(anonymous_5)
FNDA:0,(anonymous_6)
FNDA:0,(anonymous_7)
FNDA:0,(anonymous_8)
FNDA:0,(anonymous_9)
FNDA:0,(anonymous_10)
FNDA:0,(anonymous_11)
FNDA:0,(anonymous_12)
FNDA:0,(anonymous_13)
FNDA:0,(anonymous_14)
FNDA:0,(anonymous_15)
FNDA:0,(anonymous_16)
FNDA:0,(anonymous_17)
FNDA:0,(anonymous_18)
FNDA:0,(anonymous_19)
DA:8,0
DA:12,1
DA:21,0
DA:22,0
DA:24,0
DA:35,0
DA:36,0
DA:38,0
DA:83,1
DA:84,0
DA:85,0
DA:87,1
DA:88,0
DA:89,0
DA:93,1
DA:95,0
DA:96,0
DA:97,0
DA:99,0
DA:106,1
DA:107,0
DA:116,1
DA:117,0
DA:126,1
DA:127,0
DA:129,1
DA:130,0
DA:131,0
DA:133,0
DA:134,0
DA:135,0
DA:139,0
DA:142,1
DA:143,0
DA:144,0
DA:146,0
DA:147,0
DA:148,0
DA:152,0
DA:154,1
DA:155,0
DA:157,1
DA:158,0
DA:159,0
DA:160,0
DA:161,0
DA:166,1
DA:167,0
DA:168,0
DA:170,0
DA:171,0
DA:172,0
DA:175,1
LF:53
LH:13
BRDA:121,0,0,0
BRDA:121,0,1,0
BRDA:122,1,0,0
BRDA:122,1,1,0
BRDA:123,2,0,0
BRDA:123,2,1,0
BRDA:130,3,0,0
BRDA:130,3,1,0
BRDA:134,4,0,0
BRDA:134,4,1,0
BRDA:143,5,0,0
BRDA:143,5,1,0
BRDA:147,6,0,0
BRDA:147,6,1,0
BRDA:158,7,0,0
BRDA:158,7,1,0
BRDA:167,8,0,0
BRDA:167,8,1,0
BRF:18
BRH:0
end_of_record
